{"/Users/Ray-Thurman/Documents/WEBPT8/backend/middleware/validate.js": {"path":"/Users/Ray-Thurman/Documents/WEBPT8/backend/middleware/validate.js","statementMap":{"0":{"start":{"line":1,"column":19},"end":{"line":1,"column":45}},"1":{"start":{"line":13,"column":2},"end":{"line":36,"column":3}},"2":{"start":{"line":14,"column":4},"end":{"line":21,"column":5}},"3":{"start":{"line":20,"column":6},"end":{"line":20,"column":75}},"4":{"start":{"line":23,"column":18},"end":{"line":23,"column":64}},"5":{"start":{"line":24,"column":4},"end":{"line":26,"column":5}},"6":{"start":{"line":25,"column":6},"end":{"line":25,"column":79}},"7":{"start":{"line":28,"column":21},"end":{"line":28,"column":73}},"8":{"start":{"line":29,"column":4},"end":{"line":33,"column":5}},"9":{"start":{"line":30,"column":6},"end":{"line":32,"column":62}},"10":{"start":{"line":35,"column":4},"end":{"line":35,"column":10}},"11":{"start":{"line":44,"column":2},"end":{"line":52,"column":3}},"12":{"start":{"line":45,"column":4},"end":{"line":49,"column":5}},"13":{"start":{"line":46,"column":6},"end":{"line":48,"column":69}},"14":{"start":{"line":51,"column":4},"end":{"line":51,"column":10}},"15":{"start":{"line":55,"column":0},"end":{"line":58,"column":1}}},"fnMap":{"0":{"name":"validateRegister","decl":{"start":{"line":12,"column":9},"end":{"line":12,"column":25}},"loc":{"start":{"line":12,"column":28},"end":{"line":37,"column":1}},"line":12},"1":{"name":"(anonymous_1)","decl":{"start":{"line":13,"column":9},"end":{"line":13,"column":10}},"loc":{"start":{"line":13,"column":35},"end":{"line":36,"column":3}},"line":13},"2":{"name":"validateLogin","decl":{"start":{"line":43,"column":9},"end":{"line":43,"column":22}},"loc":{"start":{"line":43,"column":25},"end":{"line":53,"column":1}},"line":43},"3":{"name":"(anonymous_3)","decl":{"start":{"line":44,"column":9},"end":{"line":44,"column":10}},"loc":{"start":{"line":44,"column":29},"end":{"line":52,"column":3}},"line":44}},"branchMap":{"0":{"loc":{"start":{"line":14,"column":4},"end":{"line":21,"column":5}},"type":"if","locations":[{"start":{"line":14,"column":4},"end":{"line":21,"column":5}},{"start":{"line":14,"column":4},"end":{"line":21,"column":5}}],"line":14},"1":{"loc":{"start":{"line":15,"column":6},"end":{"line":18,"column":21}},"type":"binary-expr","locations":[{"start":{"line":15,"column":6},"end":{"line":15,"column":27}},{"start":{"line":16,"column":6},"end":{"line":16,"column":24}},{"start":{"line":17,"column":6},"end":{"line":17,"column":24}},{"start":{"line":18,"column":6},"end":{"line":18,"column":21}}],"line":15},"2":{"loc":{"start":{"line":24,"column":4},"end":{"line":26,"column":5}},"type":"if","locations":[{"start":{"line":24,"column":4},"end":{"line":26,"column":5}},{"start":{"line":24,"column":4},"end":{"line":26,"column":5}}],"line":24},"3":{"loc":{"start":{"line":29,"column":4},"end":{"line":33,"column":5}},"type":"if","locations":[{"start":{"line":29,"column":4},"end":{"line":33,"column":5}},{"start":{"line":29,"column":4},"end":{"line":33,"column":5}}],"line":29},"4":{"loc":{"start":{"line":45,"column":4},"end":{"line":49,"column":5}},"type":"if","locations":[{"start":{"line":45,"column":4},"end":{"line":49,"column":5}},{"start":{"line":45,"column":4},"end":{"line":49,"column":5}}],"line":45},"5":{"loc":{"start":{"line":45,"column":8},"end":{"line":45,"column":48}},"type":"binary-expr","locations":[{"start":{"line":45,"column":8},"end":{"line":45,"column":26}},{"start":{"line":45,"column":30},"end":{"line":45,"column":48}}],"line":45}},"s":{"0":5,"1":5,"2":7,"3":1,"4":6,"5":6,"6":4,"7":2,"8":2,"9":1,"10":1,"11":5,"12":6,"13":1,"14":5,"15":5},"f":{"0":5,"1":7,"2":5,"3":6},"b":{"0":[1,6],"1":[7,7,7,7],"2":[4,2],"3":[1,1],"4":[1,5],"5":[6,6]},"_coverageSchema":"1a1c01bbd47fc00a2c39e90264f33305004495a9","hash":"c9929ba636bf73183590d13117b358e7c6c10872"}
,"/Users/Ray-Thurman/Documents/WEBPT8/backend/middleware/validateFood.js": {"path":"/Users/Ray-Thurman/Documents/WEBPT8/backend/middleware/validateFood.js","statementMap":{"0":{"start":{"line":1,"column":17},"end":{"line":1,"column":43}},"1":{"start":{"line":4,"column":2},"end":{"line":15,"column":3}},"2":{"start":{"line":5,"column":17},"end":{"line":5,"column":57}},"3":{"start":{"line":7,"column":4},"end":{"line":11,"column":5}},"4":{"start":{"line":8,"column":6},"end":{"line":10,"column":8}},"5":{"start":{"line":13,"column":4},"end":{"line":13,"column":19}},"6":{"start":{"line":14,"column":4},"end":{"line":14,"column":10}},"7":{"start":{"line":19,"column":2},"end":{"line":32,"column":3}},"8":{"start":{"line":20,"column":20},"end":{"line":20,"column":66}},"9":{"start":{"line":22,"column":4},"end":{"line":29,"column":5}},"10":{"start":{"line":28,"column":6},"end":{"line":28,"column":42}},"11":{"start":{"line":31,"column":4},"end":{"line":31,"column":10}},"12":{"start":{"line":35,"column":0},"end":{"line":38,"column":1}}},"fnMap":{"0":{"name":"validateFoodId","decl":{"start":{"line":3,"column":9},"end":{"line":3,"column":23}},"loc":{"start":{"line":3,"column":26},"end":{"line":16,"column":1}},"line":3},"1":{"name":"(anonymous_1)","decl":{"start":{"line":4,"column":9},"end":{"line":4,"column":10}},"loc":{"start":{"line":4,"column":35},"end":{"line":15,"column":3}},"line":4},"2":{"name":"validateFoodInputs","decl":{"start":{"line":18,"column":9},"end":{"line":18,"column":27}},"loc":{"start":{"line":18,"column":30},"end":{"line":33,"column":1}},"line":18},"3":{"name":"(anonymous_3)","decl":{"start":{"line":19,"column":9},"end":{"line":19,"column":10}},"loc":{"start":{"line":19,"column":29},"end":{"line":32,"column":3}},"line":19}},"branchMap":{"0":{"loc":{"start":{"line":7,"column":4},"end":{"line":11,"column":5}},"type":"if","locations":[{"start":{"line":7,"column":4},"end":{"line":11,"column":5}},{"start":{"line":7,"column":4},"end":{"line":11,"column":5}}],"line":7},"1":{"loc":{"start":{"line":22,"column":4},"end":{"line":29,"column":5}},"type":"if","locations":[{"start":{"line":22,"column":4},"end":{"line":29,"column":5}},{"start":{"line":22,"column":4},"end":{"line":29,"column":5}}],"line":22},"2":{"loc":{"start":{"line":23,"column":6},"end":{"line":26,"column":24}},"type":"binary-expr","locations":[{"start":{"line":23,"column":6},"end":{"line":23,"column":20}},{"start":{"line":24,"column":6},"end":{"line":24,"column":24}},{"start":{"line":25,"column":6},"end":{"line":25,"column":20}},{"start":{"line":26,"column":6},"end":{"line":26,"column":24}}],"line":23}},"s":{"0":5,"1":15,"2":6,"3":6,"4":3,"5":3,"6":3,"7":5,"8":2,"9":2,"10":1,"11":1,"12":5},"f":{"0":15,"1":6,"2":5,"3":2},"b":{"0":[3,3],"1":[1,1],"2":[2,2,2,2]},"_coverageSchema":"1a1c01bbd47fc00a2c39e90264f33305004495a9","hash":"b9114adfbb6f4c4213512d7419f2d58a88a7c1e6"}
}
