TN:
SF:middleware/validate.js
FN:12,validateRegister
FN:13,(anonymous_1)
FN:43,validateLogin
FN:44,(anonymous_3)
FNF:4
FNH:4
FNDA:5,validateRegister
FNDA:7,(anonymous_1)
FNDA:5,validateLogin
FNDA:6,(anonymous_3)
DA:1,5
DA:13,5
DA:14,7
DA:20,1
DA:23,6
DA:24,6
DA:25,4
DA:28,2
DA:29,2
DA:30,1
DA:35,1
DA:44,5
DA:45,6
DA:46,1
DA:51,5
DA:55,5
LF:16
LH:16
BRDA:14,0,0,1
BRDA:14,0,1,6
BRDA:15,1,0,7
BRDA:15,1,1,7
BRDA:15,1,2,7
BRDA:15,1,3,7
BRDA:24,2,0,4
BRDA:24,2,1,2
BRDA:29,3,0,1
BRDA:29,3,1,1
BRDA:45,4,0,1
BRDA:45,4,1,5
BRDA:45,5,0,6
BRDA:45,5,1,6
BRF:14
BRH:14
end_of_record
TN:
SF:middleware/validateFood.js
FN:3,validateFoodId
FN:4,(anonymous_1)
FN:18,validateFoodInputs
FN:19,(anonymous_3)
FNF:4
FNH:4
FNDA:15,validateFoodId
FNDA:6,(anonymous_1)
FNDA:5,validateFoodInputs
FNDA:2,(anonymous_3)
DA:1,5
DA:4,15
DA:5,6
DA:7,6
DA:8,3
DA:13,3
DA:14,3
DA:19,5
DA:20,2
DA:22,2
DA:28,1
DA:31,1
DA:35,5
LF:13
LH:13
BRDA:7,0,0,3
BRDA:7,0,1,3
BRDA:22,1,0,1
BRDA:22,1,1,1
BRDA:23,2,0,2
BRDA:23,2,1,2
BRDA:23,2,2,2
BRDA:23,2,3,2
BRF:8
BRH:8
end_of_record
